09:42:46.143 [main] WARN  com.byborg.service.task.TraceRouteTask - Trace route google.com succeeded
09:42:46.145 [main] WARN  com.byborg.service.task.TraceRouteTask - Trace route output: [trace result]
09:42:46.156 [main] ERROR com.byborg.service.task.TraceRouteTask - Trace route for google.com failed, process exit value -1
09:42:46.163 [main] ERROR com.byborg.service.task.TraceRouteTask - Trace route for google.com failed
09:42:46.210 [main] WARN  com.byborg.service.task.TCPPingTask - TCP/IP Ping google.com succeeded, response time 0
09:42:46.214 [main] WARN  com.byborg.service.task.TCPPingTask - TCP/IP Ping google.com failed
09:42:46.240 [main] WARN  com.byborg.service.task.ICMPPingTask - ICMP Ping google.com executed
09:42:46.240 [main] WARN  com.byborg.service.task.ICMPPingTask - ICMP Ping executed successfully= true
09:42:46.240 [main] WARN  com.byborg.service.task.ICMPPingTask - ICMP Ping [ping result] outputLines
09:42:46.247 [main] WARN  com.byborg.service.task.ICMPPingTask - ICMP Ping google.com executed
09:42:46.247 [main] WARN  com.byborg.service.task.ICMPPingTask - ICMP Ping executed successfully= false
09:42:46.247 [main] WARN  com.byborg.service.task.ICMPPingTask - ICMP Ping [ping result] outputLines
09:48:53.494 [main] WARN  com.byborg.service.report.ReportService - Sending report to http://localhost:8080 with payload {"host":"google.com","icmp_ping":"icmpResult","tcp_ping":"tcpResult","trace":"traceResult"}
09:48:53.501 [main] ERROR com.byborg.service.report.ReportService - java.net.ConnectException: Connection refused
09:48:53.526 [main] WARN  com.byborg.service.report.ReportService - Sending report to http://localhost:8080 with payload {"host":"google.com","icmp_ping":"icmpResult","tcp_ping":"tcpResult","trace":"traceResult"}
09:48:53.527 [main] ERROR com.byborg.service.report.ReportService - java.net.ConnectException: Connection refused
09:50:52.550 [main] WARN  com.byborg.service.report.ReportService - Sending report to http://localhost:8080 with payload {"host":"google.com","icmp_ping":"icmpResult","tcp_ping":"tcpResult","trace":"traceResult"}
09:50:52.573 [main] WARN  com.byborg.service.report.ReportService - Sending report to http://localhost:8080 with payload {"host":"google.com","icmp_ping":"icmpResult","tcp_ping":"tcpResult","trace":"traceResult"}
09:51:19.699 [main] WARN  com.byborg.service.report.ReportService - Sending report to http://localhost:8080 with payload {"host":"google.com","icmp_ping":"icmpResult","tcp_ping":"tcpResult","trace":"traceResult"}
09:59:06.018 [main] WARN  com.byborg.service.report.ReportService - Sending report to http://localhost:8080 with payload {"host":"google.com","icmp_ping":"icmpResult","tcp_ping":"tcpResult","trace":"traceResult"}
10:00:51.895 [pool-7-thread-1] WARN  com.byborg.service.task.TCPPingTask - TCP/IP Ping google.com succeeded, response time 10508
10:00:51.914 [pool-7-thread-1] WARN  com.byborg.service.report.ReportService - Sending report to http://localhost:8080 with payload {"host":"google.com","icmp_ping":"","tcp_ping":"Response Code: 200\nResponse Time: 10508 ms","trace":""}
10:00:52.172 [pool-6-thread-1] WARN  com.byborg.service.task.TCPPingTask - TCP/IP Ping facebook.com succeeded, response time 10792
10:00:52.173 [pool-6-thread-1] WARN  com.byborg.service.report.ReportService - Sending report to http://localhost:8080 with payload {"host":"facebook.com","icmp_ping":"","tcp_ping":"Response Code: 200\nResponse Time: 10792 ms","trace":""}
10:01:12.509 [pool-3-thread-1] WARN  com.byborg.service.task.ICMPPingTask - ICMP Ping facebook.com executed
10:01:12.510 [pool-3-thread-1] WARN  com.byborg.service.task.ICMPPingTask - ICMP Ping executed successfully= true
10:01:12.510 [pool-3-thread-1] WARN  com.byborg.service.task.ICMPPingTask - ICMP Ping [PING facebook.com(edge-star-mini6-shv-01-fra5.facebook.com (2a03:2880:f176:84:face:b00c:0:25de)) 56 data bytes, 64 bytes from edge-star-mini6-shv-01-fra5.facebook.com (2a03:2880:f176:84:face:b00c:0:25de): icmp_seq=1 ttl=55 time=14.8 ms, 64 bytes from edge-star-mini6-shv-01-fra5.facebook.com (2a03:2880:f176:84:face:b00c:0:25de): icmp_seq=2 ttl=55 time=16.4 ms, 64 bytes from edge-star-mini6-shv-01-fra5.facebook.com (2a03:2880:f176:84:face:b00c:0:25de): icmp_seq=3 ttl=55 time=16.5 ms, 64 bytes from edge-star-mini6-shv-01-fra5.facebook.com (2a03:2880:f176:84:face:b00c:0:25de): icmp_seq=4 ttl=55 time=16.8 ms, 64 bytes from 2a03:2880:f176:84:face:b00c:0:25de: icmp_seq=5 ttl=55 time=12.8 ms, , --- facebook.com ping statistics ---, 5 packets transmitted, 5 received, 0% packet loss, time 20088ms, rtt min/avg/max/mdev = 12.784/15.471/16.771/1.505 ms] outputLines
10:01:12.514 [pool-2-thread-1] WARN  com.byborg.service.task.ICMPPingTask - ICMP Ping google.com executed
10:01:12.514 [pool-2-thread-1] WARN  com.byborg.service.task.ICMPPingTask - ICMP Ping executed successfully= true
10:01:12.514 [pool-2-thread-1] WARN  com.byborg.service.task.ICMPPingTask - ICMP Ping [PING google.com(fra24s11-in-x0e.1e100.net (2a00:1450:4001:830::200e)) 56 data bytes, 64 bytes from fra24s11-in-x0e.1e100.net (2a00:1450:4001:830::200e): icmp_seq=1 ttl=58 time=16.2 ms, 64 bytes from fra24s11-in-x0e.1e100.net (2a00:1450:4001:830::200e): icmp_seq=2 ttl=58 time=17.0 ms, 64 bytes from fra24s11-in-x0e.1e100.net (2a00:1450:4001:830::200e): icmp_seq=3 ttl=58 time=15.9 ms, 64 bytes from fra24s11-in-x0e.1e100.net (2a00:1450:4001:830::200e): icmp_seq=4 ttl=58 time=17.6 ms, 64 bytes from 2a00:1450:4001:830::200e: icmp_seq=5 ttl=58 time=15.1 ms, , --- google.com ping statistics ---, 5 packets transmitted, 5 received, 0% packet loss, time 20089ms, rtt min/avg/max/mdev = 15.059/16.369/17.638/0.891 ms] outputLines
10:01:26.902 [pool-3-thread-1] WARN  com.byborg.service.task.ICMPPingTask - ICMP Ping facebook.com failed
10:01:26.902 [pool-2-thread-1] WARN  com.byborg.service.task.ICMPPingTask - ICMP Ping google.com failed
10:01:26.902 [pool-5-thread-1] ERROR com.byborg.service.task.TraceRouteTask - Trace route for google.com failed, process exit value 130
10:01:26.902 [pool-4-thread-1] ERROR com.byborg.service.task.TraceRouteTask - Trace route for facebook.com failed, process exit value 130
10:01:26.903 [pool-2-thread-1] WARN  com.byborg.service.report.ReportService - Sending report to http://localhost:8080 with payload {"host":"google.com","icmp_ping":"PING google.com(fra24s11-in-x0e.1e100.net (2a00:1450:4001:830::200e)) 56 data bytes\n64 bytes from fra24s11-in-x0e.1e100.net (2a00:1450:4001:830::200e): icmp_seq\u003d1 ttl\u003d58 time\u003d16.2 ms\n64 bytes from fra24s11-in-x0e.1e100.net (2a00:1450:4001:830::200e): icmp_seq\u003d2 ttl\u003d58 time\u003d17.0 ms\n64 bytes from fra24s11-in-x0e.1e100.net (2a00:1450:4001:830::200e): icmp_seq\u003d3 ttl\u003d58 time\u003d15.9 ms\n64 bytes from fra24s11-in-x0e.1e100.net (2a00:1450:4001:830::200e): icmp_seq\u003d4 ttl\u003d58 time\u003d17.6 ms\n64 bytes from 2a00:1450:4001:830::200e: icmp_seq\u003d5 ttl\u003d58 time\u003d15.1 ms\n\n--- google.com ping statistics ---\n5 packets transmitted, 5 received, 0% packet loss, time 20089ms\nrtt min/avg/max/mdev \u003d 15.059/16.369/17.638/0.891 ms","tcp_ping":"Response Code: 200\nResponse Time: 10508 ms","trace":""}
10:01:26.903 [pool-3-thread-1] WARN  com.byborg.service.report.ReportService - Sending report to http://localhost:8080 with payload {"host":"facebook.com","icmp_ping":"PING facebook.com(edge-star-mini6-shv-01-fra5.facebook.com (2a03:2880:f176:84:face:b00c:0:25de)) 56 data bytes\n64 bytes from edge-star-mini6-shv-01-fra5.facebook.com (2a03:2880:f176:84:face:b00c:0:25de): icmp_seq\u003d1 ttl\u003d55 time\u003d14.8 ms\n64 bytes from edge-star-mini6-shv-01-fra5.facebook.com (2a03:2880:f176:84:face:b00c:0:25de): icmp_seq\u003d2 ttl\u003d55 time\u003d16.4 ms\n64 bytes from edge-star-mini6-shv-01-fra5.facebook.com (2a03:2880:f176:84:face:b00c:0:25de): icmp_seq\u003d3 ttl\u003d55 time\u003d16.5 ms\n64 bytes from edge-star-mini6-shv-01-fra5.facebook.com (2a03:2880:f176:84:face:b00c:0:25de): icmp_seq\u003d4 ttl\u003d55 time\u003d16.8 ms\n64 bytes from 2a03:2880:f176:84:face:b00c:0:25de: icmp_seq\u003d5 ttl\u003d55 time\u003d12.8 ms\n\n--- facebook.com ping statistics ---\n5 packets transmitted, 5 received, 0% packet loss, time 20088ms\nrtt min/avg/max/mdev \u003d 12.784/15.471/16.771/1.505 ms","tcp_ping":"Response Code: 200\nResponse Time: 10792 ms","trace":""}
